<?xml version="1.0" encoding="UTF-8"?>
<!-- Generated by org.testng.reporters.JUnitReportReporter -->
<testsuite hostname="LAPTOP-4APC8E04" failures="0" tests="6" name="Testsuite.signUpTests" time="11.867" errors="0" timestamp="2024-05-11T15:26:02 IST" skipped="0">
  <testcase classname="Testsuite.signUpTests" name="SignupInvalidEmail1" time="1.810"/>
  <testcase classname="Testsuite.signUpTests" name="SignupInvalidEmail2" time="1.704"/>
  <testcase classname="Testsuite.signUpTests" name="SignupEmptyFirstName" time="1.541"/>
  <testcase classname="Testsuite.signUpTests" name="SignupEmptyLastName" time="1.456"/>
  <testcase classname="Testsuite.signUpTests" name="SignupEmptyEmail" time="1.623"/>
  <testcase classname="Testsuite.signUpTests" name="SignupCheckBox" time="3.733"/>
</testsuite> <!-- Testsuite.signUpTests -->
