<?xml version="1.0" encoding="UTF-8"?>
<!-- Generated by org.testng.reporters.JUnitReportReporter -->
<testsuite hostname="LAPTOP-4APC8E04" failures="0" tests="4" name="Testsuite.LoginPage" time="6.894" errors="0" timestamp="2024-05-11T15:24:53 IST" skipped="0">
  <testcase classname="Testsuite.LoginPage" name="verifyTitle" time="5.021"/>
  <testcase classname="Testsuite.LoginPage" name="verifyUserProfileIconClickable" time="0.198"/>
  <testcase classname="Testsuite.LoginPage" name="verifyUserProfileIconRedirection" time="0.180"/>
  <testcase classname="Testsuite.LoginPage" name="verifySignInPage" time="1.495"/>
</testsuite> <!-- Testsuite.LoginPage -->
